Build target 'Traffic Lights'
compiling traffic.c...
compiling traffic_cfg.c...
linking...
*** WARNING L16: UNCALLED SEGMENT, IGNORED FOR OVERLAY PROCESS
    SEGMENT: ?PR?_CUTEOS_TASKREMOVE?CUTEOS

*** WARNING L16: UNCALLED SEGMENT, IGNORED FOR OVERLAY PROCESS
    SEGMENT: ?PR?_CUTEOS_SETTICKTIME?CUTEOS

*** WARNING L16: UNCALLED SEGMENT, IGNORED FOR OVERLAY PROCESS
    SEGMENT: ?PR?_CUTEOS_GETTICKTIME?CUTEOS

*** WARNING L16: UNCALLED SEGMENT, IGNORED FOR OVERLAY PROCESS
    SEGMENT: ?PR?TRAFFIC_DEINIT?TRAFFIC

*** WARNING L16: UNCALLED SEGMENT, IGNORED FOR OVERLAY PROCESS
    SEGMENT: ?PR?_TRAFFIC_SETCOLOR?TRAFFIC

*** WARNING L16: UNCALLED SEGMENT, IGNORED FOR OVERLAY PROCESS
    SEGMENT: ?PR?_TRAFFIC_GETCOLOR?TRAFFIC

Program Size: data=97.0 xdata=0 code=1618
creating hex file from ".\Objects\traffic_lights"...
".\Objects\traffic_lights" - 0 Error(s), 6 Warning(s).
Build Time Elapsed:  00:00:01
